2023-10-16 09:37:59 - INFO - data weight 1: 94g
2023-10-16 09:37:59 - INFO - data weight 2: 92g
2023-10-16 09:38:08 - INFO - QR cam 1RW0HTMGFJX
2023-10-16 09:38:08 - INFO - QR cam 2LGCY10G5JM
2023-10-16 09:38:11 - INFO - result from sfc: 11
2023-10-16 10:05:56 - INFO - data weight 1: 94g
2023-10-16 10:05:56 - INFO - data weight 2: 92g
2023-10-16 10:08:22 - INFO - data weight 1: 94g
2023-10-16 10:08:23 - INFO - data weight 2: 92g
2023-10-16 10:09:19 - INFO - data weight 1: 94g
2023-10-16 10:09:19 - INFO - data weight 2: 92g
2023-10-16 10:10:20 - INFO - data weight 1: 94g
2023-10-16 10:10:20 - INFO - data weight 2: 92g
2023-10-16 10:10:31 - INFO - QR cam 1: LGCY10G5JM
2023-10-16 10:10:36 - INFO - result from sfc: 11
2023-10-16 10:19:22 - INFO - data weight 1: 94g
2023-10-16 10:19:22 - INFO - data weight 2: 92g
2023-10-16 10:19:29 - INFO - QR cam 1: LGCY10G5JM
2023-10-16 10:19:33 - INFO - result from sfc: 11
2023-10-16 10:19:54 - INFO - data weight 1: 94g
2023-10-16 10:19:54 - INFO - data weight 2: 92g
2023-10-16 10:21:37 - INFO - data weight 1: 94g
2023-10-16 10:21:37 - INFO - data weight 2: 92g
2023-10-16 10:21:42 - INFO - QR cam 1: LGCY10G5JM
2023-10-16 10:21:45 - INFO - result from sfc: 11
2023-10-16 10:22:16 - INFO - data weight 1: 94g
2023-10-16 10:22:16 - INFO - data weight 2: 92g
2023-10-16 11:15:17 - INFO - data weight 1: 94g
2023-10-16 11:15:17 - INFO - data weight 2: 92g
2023-10-16 11:17:17 - INFO - data weight 1: 94g
2023-10-16 11:17:17 - INFO - data weight 2: 92g
2023-10-16 11:20:47 - INFO - data weight 1: 94g
2023-10-16 11:20:47 - INFO - data weight 2: 92g
2023-10-16 11:21:27 - INFO - QR cam 1: LGCY10G5JM
2023-10-16 11:21:34 - INFO - result from sfc: 11
2023-10-16 11:21:56 - INFO - data weight 1: 94g
2023-10-16 11:21:56 - INFO - data weight 2: 92g
2023-10-16 11:22:44 - INFO - QR cam 1: LGCY10G5JM
2023-10-16 11:22:49 - INFO - result from sfc: 11
2023-10-16 14:28:43 - INFO - data weight 1: 94g
2023-10-16 14:28:43 - INFO - data weight 2: 92g
2023-10-16 14:29:15 - INFO - QR cam 1: None
2023-10-16 14:31:32 - INFO - data weight 1: 94g
2023-10-16 14:31:32 - INFO - data weight 2: 92g
2023-10-16 14:34:45 - INFO - data weight 1: 94g
2023-10-16 14:34:45 - INFO - data weight 2: 92g
2023-10-16 14:35:47 - INFO - QR cam 1: LGCY10G5JM
2023-10-16 14:36:10 - INFO - result from sfc: 11
2023-10-16 14:37:52 - INFO - data weight 1: 94g
2023-10-16 14:37:52 - INFO - data weight 2: 92g
2023-10-16 14:38:21 - INFO - QR cam 1: LGCY10G5JM
2023-10-16 14:38:21 - WARNING - result from sfc: 10
2023-10-16 14:38:52 - INFO - data weight 1: 94g
2023-10-16 14:38:52 - INFO - data weight 2: 92g
2023-10-16 14:40:16 - INFO - QR cam 1: LGCY10G5JM
2023-10-16 14:40:21 - WARNING - result from sfc: 00
2023-10-16 15:11:21 - INFO - data weight 1: 94g
2023-10-16 15:11:21 - INFO - data weight 2: 92g
2023-10-16 15:11:58 - INFO - QR cam 1: LGCY10G5JM
2023-10-16 15:12:14 - WARNING - result from sfc: 00
2023-10-16 15:36:03 - INFO - data weight 1: 94g
2023-10-16 15:36:03 - INFO - data weight 2: 92g
